mode: count
github.com/VictorRibeiroLima/converter/converter.go:8.38,12.53 3 8
github.com/VictorRibeiroLima/converter/converter.go:15.2,16.42 2 8
github.com/VictorRibeiroLima/converter/converter.go:19.2,20.12 2 8
github.com/VictorRibeiroLima/converter/converter.go:12.53,14.3 1 0
github.com/VictorRibeiroLima/converter/converter.go:16.42,18.3 1 0
github.com/VictorRibeiroLima/converter/converter.go:23.52,25.39 2 19
github.com/VictorRibeiroLima/converter/converter.go:25.39,29.3 3 62
github.com/VictorRibeiroLima/converter/converter.go:32.62,33.39 1 77
github.com/VictorRibeiroLima/converter/converter.go:51.2,51.14 1 27
github.com/VictorRibeiroLima/converter/converter.go:33.39,34.35 1 58
github.com/VictorRibeiroLima/converter/converter.go:34.35,36.4 1 42
github.com/VictorRibeiroLima/converter/converter.go:36.9,36.45 1 16
github.com/VictorRibeiroLima/converter/converter.go:36.45,38.45 2 7
github.com/VictorRibeiroLima/converter/converter.go:38.45,43.5 4 4
github.com/VictorRibeiroLima/converter/converter.go:44.9,44.45 1 9
github.com/VictorRibeiroLima/converter/converter.go:44.45,46.43 2 6
github.com/VictorRibeiroLima/converter/converter.go:46.43,48.5 1 4
github.com/VictorRibeiroLima/converter/converter.go:54.64,55.34 1 52
github.com/VictorRibeiroLima/converter/converter.go:59.2,59.36 1 20
github.com/VictorRibeiroLima/converter/converter.go:55.34,58.3 2 32
github.com/VictorRibeiroLima/converter/converter.go:59.36,62.3 2 11
github.com/VictorRibeiroLima/converter/converter.go:62.8,62.75 1 9
github.com/VictorRibeiroLima/converter/converter.go:62.75,65.36 3 7
github.com/VictorRibeiroLima/converter/converter.go:72.3,72.14 1 7
github.com/VictorRibeiroLima/converter/converter.go:65.36,68.14 3 15
github.com/VictorRibeiroLima/converter/converter.go:68.14,70.5 1 8
github.com/VictorRibeiroLima/converter/converter.go:73.8,79.3 5 2
